#
# A fatal error has been detected by the Java Runtime Environment:
#
#  SIGSEGV (0xb) at pc=0x000000013378e9f7, pid=30788, tid=21763
#
# JRE version: 7.0_13-b20
# Java VM: Java HotSpot(TM) 64-Bit Server VM (23.7-b01 mixed mode bsd-amd64 compressed oops)
# Problematic frame:
# C  [libgdal.dylib+0x3a49f7]  OGR_G_DestroyGeometry+0xd
#
# Failed to write core dump. Core dumps have been disabled. To enable core dumping, try "ulimit -c unlimited" before starting Java again
#
# If you would like to submit a bug report, please visit:
#   http://bugreport.sun.com/bugreport/crash.jsp
# The crash happened outside the Java Virtual Machine in native code.
# See problematic frame for where to report the bug.
#

---------------  T H R E A D  ---------------

Current thread (0x00007fa80db13000):  JavaThread "ReferenceReaper" daemon [_thread_in_native, id=21763, stack(0x0000000134539000,0x0000000134739000)]

siginfo:si_signo=SIGSEGV: si_errno=0, si_code=0 (SEGV0), si_addr=0x0000000000000000

Registers:
RAX=0xc000000000000000, RBX=0x00007fa80e84bca0, RCX=0x000000013378e9ea, RDX=0x00007fa80e84bca0
RSP=0x00000001347382a8, RBP=0x0000000134738340, RSI=0x0000000134738350, RDI=0x00007fa80e8a3c10
R8 =0x00007fa80e8a3c10, R9 =0x000000012680e750, R10=0x0000000106e70f64, R11=0x00000001064e6e1b
R12=0x0000000000000000, R13=0x000000010b30b6d0, R14=0x0000000134738388, R15=0x00007fa80db13000
RIP=0x000000013378e9f7, EFLAGS=0x0000000000010202, ERR=0x0000000000000000
  TRAPNO=0x000000000000000d

Top of Stack: (sp=0x00000001347382a8)
0x00000001347382a8:   0000000132738e82 0000000134738340
0x00000001347382b8:   000000010b30b6d0 0000000134738388
0x00000001347382c8:   0000000106e70f90 00007fa80bc872b0
0x00000001347382d8:   0000000123f54800 000000013378e9ea
0x00000001347382e8:   0000000106e65333 00007fa80e84bca0
0x00000001347382f8:   0000000106e65333 0000000134738300
0x0000000134738308:   0000000000000000 0000000134738388
0x0000000134738318:   000000010b3125c8 0000000000000000
0x0000000134738328:   000000010b30b6d0 0000000000000000
0x0000000134738338:   0000000134738360 00000001347383d0
0x0000000134738348:   0000000106e65275 000000010f6ea088
0x0000000134738358:   0000000106e6ddd7 00007fa80e8a3c10
0x0000000134738368:   000000010a35f8b0 000000013378e9ea
0x0000000134738378:   0000000106e65333 00007fa80e84bca0
0x0000000134738388:   0000000106e65333 0000000134738390
0x0000000134738398:   000000010b5eb757 0000000134738408
0x00000001347383a8:   000000010b5f7b68 0000000000000000
0x00000001347383b8:   000000010b5eb798 0000000134738360
0x00000001347383c8:   00000001347383e0 0000000134738458
0x00000001347383d8:   0000000106e65275 00007fa80e8a3c10
0x00000001347383e8:   0000000126839c70 000000013378e9ea
0x00000001347383f8:   0000000134738418 000000010f3d3928
0x0000000134738408:   000000010f70cfb0 000000012670c108
0x0000000134738418:   0000000134738418 000000010b8d3250
0x0000000134738428:   00000001347384a0 000000010b8d36d8
0x0000000134738438:   0000000000000000 000000010b8d3270
0x0000000134738448:   00000001347383e0 00000001347384b0
0x0000000134738458:   0000000134738588 0000000106fc2600
0x0000000134738468:   0000000126839c70 0000000000000000
0x0000000134738478:   0000000126839c40 000000012680e750
0x0000000134738488:   0000000126794f90 0000000126795740
0x0000000134738498:   000000012670c108 0000000123f546d0 

Instructions: (pc=0x000000013378e9f7)
0x000000013378e9d7:   90 55 48 89 e5 48 85 ff 74 07 48 8b 07 5d ff 60
0x000000013378e9e7:   08 5d c3 55 48 89 e5 48 85 ff 74 07 48 8b 07 5d
0x000000013378e9f7:   ff 60 08 5d c3 55 48 89 e5 41 57 41 56 41 55 41
0x000000013378ea07:   54 53 50 49 89 fe 45 31 ff 4d 85 f6 0f 84 e6 00 

Register to memory mapping:

RAX=0xc000000000000000 is an unknown value
RBX=0x00007fa80e84bca0 is an unknown value
RCX=0x000000013378e9ea: OGR_G_DestroyGeometry+0 in /usr/local/lib/libgdal.dylib at 0x00000001333ea000
RDX=0x00007fa80e84bca0 is an unknown value
RSP=0x00000001347382a8 is pointing into the stack for thread: 0x00007fa80db13000
RBP=0x0000000134738340 is pointing into the stack for thread: 0x00007fa80db13000
RSI=0x0000000134738350 is pointing into the stack for thread: 0x00007fa80db13000
RDI=0x00007fa80e8a3c10 is an unknown value
R8 =0x00007fa80e8a3c10 is an unknown value
R9 =0x000000012680e750 is an oop
java.lang.String 
 - klass: 'java/lang/String'
R10=0x0000000106e70f64 is an Interpreter codelet
method entry point (kind = native)  [0x0000000106e70d00, 0x0000000106e71540]  2112 bytes
R11=0x00000001064e6e1b: throw_unsatisfied_link_error+0 in /Library/Java/JavaVirtualMachines/jdk1.7.0_13.jdk/Contents/Home/jre/lib/server/libjvm.dylib at 0x00000001060e2000
R12=0x0000000000000000 is an unknown value
R13=0x000000010b30b6d0 is an oop
{method} 
 - klass: {other class}
R14=0x0000000134738388 is pointing into the stack for thread: 0x00007fa80db13000
R15=0x00007fa80db13000 is a thread


Stack: [0x0000000134539000,0x0000000134739000],  sp=0x00000001347382a8,  free space=2044k
Native frames: (J=compiled Java code, j=interpreted, Vv=VM code, C=native code)
C  [libgdal.dylib+0x3a49f7]  OGR_G_DestroyGeometry+0xd
j  com.kenai.jffi.Invoker.invokeL1(Lcom/kenai/jffi/CallContext;JJ)J+7
j  org.jruby.ext.ffi.jffi.NativeInvoker$ffi$7.call(Lorg/jruby/runtime/ThreadContext;Lorg/jruby/runtime/builtin/IRubyObject;Lorg/jruby/RubyModule;Ljava/lang/String;Lorg/jruby/runtime/builtin/IRubyObject;)Lorg/jruby/runtime/builtin/IRubyObject;+64
J  org.jruby.runtime.callsite.CachingCallSite.call(Lorg/jruby/runtime/ThreadContext;Lorg/jruby/runtime/builtin/IRubyObject;Lorg/jruby/runtime/builtin/IRubyObject;Lorg/jruby/runtime/builtin/IRubyObject;)Lorg/jruby/runtime/builtin/IRubyObject;
j  rubyjit.OGR::Geometry$$release_03360644C5F031A39C93F0A07F2417DAE778278D2086912306.__file__(Lorg/jruby/runtime/ThreadContext;Lorg/jruby/runtime/builtin/IRubyObject;Lorg/jruby/runtime/builtin/IRubyObject;Lorg/jruby/runtime/Block;)Lorg/jruby/runtime/builtin/IRubyObject;+6
j  org.jruby.internal.runtime.methods.JittedMethod.call(Lorg/jruby/runtime/ThreadContext;Lorg/jruby/runtime/builtin/IRubyObject;Lorg/jruby/RubyModule;Ljava/lang/String;Lorg/jruby/runtime/builtin/IRubyObject;Lorg/jruby/runtime/Block;)Lorg/jruby/runtime/builtin/IRubyObject;+33
j  org.jruby.RubyMethod.call(Lorg/jruby/runtime/ThreadContext;Lorg/jruby/runtime/builtin/IRubyObject;Lorg/jruby/runtime/Block;)Lorg/jruby/runtime/builtin/IRubyObject;+19
j  org.jruby.RubyMethod$INVOKER$i$call.call(Lorg/jruby/runtime/ThreadContext;Lorg/jruby/runtime/builtin/IRubyObject;Lorg/jruby/RubyModule;Ljava/lang/String;Lorg/jruby/runtime/builtin/IRubyObject;Lorg/jruby/runtime/Block;)Lorg/jruby/runtime/builtin/IRubyObject;+9
j  org.jruby.internal.runtime.methods.JavaMethod$JavaMethodZeroOrOneOrNBlock.call(Lorg/jruby/runtime/ThreadContext;Lorg/jruby/runtime/builtin/IRubyObject;Lorg/jruby/RubyModule;Ljava/lang/String;Lorg/jruby/runtime/builtin/IRubyObject;)Lorg/jruby/runtime/builtin/IRubyObject;+11
J  org.jruby.runtime.callsite.CachingCallSite.call(Lorg/jruby/runtime/ThreadContext;Lorg/jruby/runtime/builtin/IRubyObject;Lorg/jruby/runtime/builtin/IRubyObject;Lorg/jruby/runtime/builtin/IRubyObject;)Lorg/jruby/runtime/builtin/IRubyObject;
j  org.jruby.ext.ffi.AutoPointer$ReaperGroup.run()V+57
j  org.jruby.util.ReferenceReaper$1.run()V+22
j  java.lang.Thread.run()V+11
v  ~StubRoutines::call_stub
V  [libjvm.dylib+0x28852f]
V  [libjvm.dylib+0x288a0c]
V  [libjvm.dylib+0x288b46]
V  [libjvm.dylib+0x2bf4c0]
V  [libjvm.dylib+0x478294]
V  [libjvm.dylib+0x47977a]
V  [libjvm.dylib+0x3b5191]
C  [libsystem_c.dylib+0x147a2]  _pthread_start+0x147
C  [libsystem_c.dylib+0x11e1]  thread_start+0xd

Java frames: (J=compiled Java code, j=interpreted, Vv=VM code)
j  com.kenai.jffi.Foreign.invokeL1(JJJ)J+0
j  com.kenai.jffi.Invoker.invokeL1(Lcom/kenai/jffi/CallContext;JJ)J+7
j  org.jruby.ext.ffi.jffi.NativeInvoker$ffi$7.call(Lorg/jruby/runtime/ThreadContext;Lorg/jruby/runtime/builtin/IRubyObject;Lorg/jruby/RubyModule;Ljava/lang/String;Lorg/jruby/runtime/builtin/IRubyObject;)Lorg/jruby/runtime/builtin/IRubyObject;+64
J  org.jruby.runtime.callsite.CachingCallSite.call(Lorg/jruby/runtime/ThreadContext;Lorg/jruby/runtime/builtin/IRubyObject;Lorg/jruby/runtime/builtin/IRubyObject;Lorg/jruby/runtime/builtin/IRubyObject;)Lorg/jruby/runtime/builtin/IRubyObject;
j  rubyjit.OGR::Geometry$$release_03360644C5F031A39C93F0A07F2417DAE778278D2086912306.__file__(Lrubyjit/OGR::Geometry$$release_03360644C5F031A39C93F0A07F2417DAE778278D2086912306;Lorg/jruby/runtime/ThreadContext;Lorg/jruby/runtime/builtin/IRubyObject;Lorg/jruby/runtime/builtin/IRubyObject;Lorg/jruby/runtime/Block;)Lorg/jruby/runtime/builtin/IRubyObject;+22
j  rubyjit.OGR::Geometry$$release_03360644C5F031A39C93F0A07F2417DAE778278D2086912306.__file__(Lorg/jruby/runtime/ThreadContext;Lorg/jruby/runtime/builtin/IRubyObject;Lorg/jruby/runtime/builtin/IRubyObject;Lorg/jruby/runtime/Block;)Lorg/jruby/runtime/builtin/IRubyObject;+6
j  org.jruby.internal.runtime.methods.JittedMethod.call(Lorg/jruby/runtime/ThreadContext;Lorg/jruby/runtime/builtin/IRubyObject;Lorg/jruby/RubyModule;Ljava/lang/String;Lorg/jruby/runtime/builtin/IRubyObject;Lorg/jruby/runtime/Block;)Lorg/jruby/runtime/builtin/IRubyObject;+33
j  org.jruby.RubyMethod.call(Lorg/jruby/runtime/ThreadContext;Lorg/jruby/runtime/builtin/IRubyObject;Lorg/jruby/runtime/Block;)Lorg/jruby/runtime/builtin/IRubyObject;+19
j  org.jruby.RubyMethod$INVOKER$i$call.call(Lorg/jruby/runtime/ThreadContext;Lorg/jruby/runtime/builtin/IRubyObject;Lorg/jruby/RubyModule;Ljava/lang/String;Lorg/jruby/runtime/builtin/IRubyObject;Lorg/jruby/runtime/Block;)Lorg/jruby/runtime/builtin/IRubyObject;+9
j  org.jruby.internal.runtime.methods.JavaMethod$JavaMethodZeroOrOneOrNBlock.call(Lorg/jruby/runtime/ThreadContext;Lorg/jruby/runtime/builtin/IRubyObject;Lorg/jruby/RubyModule;Ljava/lang/String;Lorg/jruby/runtime/builtin/IRubyObject;)Lorg/jruby/runtime/builtin/IRubyObject;+11
J  org.jruby.runtime.callsite.CachingCallSite.call(Lorg/jruby/runtime/ThreadContext;Lorg/jruby/runtime/builtin/IRubyObject;Lorg/jruby/runtime/builtin/IRubyObject;Lorg/jruby/runtime/builtin/IRubyObject;)Lorg/jruby/runtime/builtin/IRubyObject;
j  org.jruby.ext.ffi.AutoPointer$Reaper.dispose(Lorg/jruby/runtime/ThreadContext;)V+17
j  org.jruby.ext.ffi.AutoPointer$ReaperGroup.run()V+57
j  org.jruby.util.ReferenceReaper$1.run()V+22
j  java.lang.Thread.run()V+11
v  ~StubRoutines::call_stub

---------------  P R O C E S S  ---------------

Java Threads: ( => current thread )
=>0x00007fa80db13000 JavaThread "ReferenceReaper" daemon [_thread_in_native, id=21763, stack(0x0000000134539000,0x0000000134739000)]
  0x00007fa80db15800 JavaThread "NonBlockingInputStreamThread" daemon [_thread_blocked, id=21507, stack(0x0000000134336000,0x0000000134536000)]
  0x00007fa80c515000 JavaThread "process reaper" daemon [_thread_blocked, id=21251, stack(0x000000013230e000,0x0000000132336000)]
  0x00007fa80e03b000 JavaThread "JRubyJIT-2" daemon [_thread_blocked, id=20995, stack(0x00000001331e8000,0x00000001333e8000)]
  0x00007fa80e0e5000 JavaThread "JRubyJIT-1" daemon [_thread_blocked, id=20739, stack(0x0000000132fe5000,0x00000001331e5000)]
  0x00007fa80d077000 JavaThread "Service Thread" daemon [_thread_blocked, id=20227, stack(0x0000000131f8e000,0x000000013218e000)]
  0x00007fa80d076800 JavaThread "C2 CompilerThread1" daemon [_thread_blocked, id=19971, stack(0x0000000131e8b000,0x0000000131f8b000)]
  0x00007fa80d075000 JavaThread "C2 CompilerThread0" daemon [_thread_blocked, id=19715, stack(0x0000000131d88000,0x0000000131e88000)]
  0x00007fa80d05e800 JavaThread "Signal Dispatcher" daemon [_thread_blocked, id=19459, stack(0x0000000131b85000,0x0000000131d85000)]
  0x00007fa80d050000 JavaThread "Finalizer" daemon [_thread_blocked, id=15107, stack(0x0000000131834000,0x0000000131a34000)]
  0x00007fa80d04f800 JavaThread "Reference Handler" daemon [_thread_blocked, id=14851, stack(0x0000000131631000,0x0000000131831000)]
  0x00007fa80d800800 JavaThread "main" [_thread_in_Java, id=4391, stack(0x0000000106b8a000,0x0000000106d8a000)]

Other Threads:
  0x00007fa80d04c800 VMThread [stack: 0x000000013152e000,0x000000013162e000] [id=14595]
  0x00007fa80d05c800 WatcherThread [stack: 0x0000000132191000,0x0000000132291000] [id=20483]

VM state:not at safepoint (normal execution)

VM Mutex/Monitor currently owned by a thread: None

Heap
 PSYoungGen      total 41664K, used 6960K [0x0000000123e90000, 0x0000000128f50000, 0x000000012e530000)
  eden space 38400K, 9% used [0x0000000123e90000,0x00000001242316b8,0x0000000126410000)
  from space 3264K, 99% used [0x0000000126550000,0x000000012687a9e8,0x0000000126880000)
  to   space 7616K, 0% used [0x00000001287e0000,0x00000001287e0000,0x0000000128f50000)
 ParOldGen       total 52736K, used 10917K [0x000000010f130000, 0x00000001124b0000, 0x0000000123e90000)
  object space 52736K, 20% used [0x000000010f130000,0x000000010fbd96d8,0x00000001124b0000)
 PSPermGen       total 26432K, used 26257K [0x0000000109f30000, 0x000000010b900000, 0x000000010f130000)
  object space 26432K, 99% used [0x0000000109f30000,0x000000010b8d4740,0x000000010b900000)

Card table byte_map: [0x000000012e530000,0x000000012e654000] byte_map_base: 0x000000012dce0680

Polling page: 0x0000000106dc9000

Code Cache  [0x0000000106e5f000, 0x00000001070cf000, 0x0000000109e5f000)
 total_blobs=1075 nmethods=599 adapters=427 free_code_cache=46978Kb largest_free_block=47986112

Compilation events (10 events):
Event: 52.505 Thread 0x00007fa80d076800  634             java.util.regex.Pattern$Node::study (21 bytes)
Event: 52.507 Thread 0x00007fa80d076800 nmethod 634 0x000000010702bc50 code [0x000000010702bda0, 0x000000010702be38]
Event: 59.044 Thread 0x00007fa80d075000  635             org.jruby.RubyHash$RubyHashEntry::<init> (62 bytes)
Event: 59.046 Thread 0x00007fa80d075000 nmethod 635 0x0000000107022790 code [0x00000001070228e0, 0x00000001070229f8]
Event: 59.083 Thread 0x00007fa80d076800  636             org.jruby.Ruby::getNilPrefilledArray (5 bytes)
Event: 59.083 Thread 0x00007fa80d076800 nmethod 636 0x0000000107022590 code [0x00000001070226c0, 0x0000000107022738]
Event: 59.115 Thread 0x00007fa80d075000  637             org.jruby.runtime.Frame::clear (18 bytes)
Event: 59.115 Thread 0x00007fa80d075000 nmethod 637 0x0000000107026450 code [0x0000000107026580, 0x00000001070265f8]
Event: 59.119 Thread 0x00007fa80d076800  638             org.jruby.runtime.scope.OneVarDynamicScope::<init> (7 bytes)
Event: 59.120 Thread 0x00007fa80d076800 nmethod 638 0x0000000107026210 code [0x0000000107026340, 0x00000001070263d8]

GC Heap History (10 events):
Event: 0.959 GC heap before
{Heap before GC invocations=1 (full 0):
 PSYoungGen      total 23104K, used 19840K [0x0000000123e90000, 0x0000000125850000, 0x000000012e530000)
  eden space 19840K, 100% used [0x0000000123e90000,0x00000001251f0000,0x00000001251f0000)
  from space 3264K, 0% used [0x0000000125520000,0x0000000125520000,0x0000000125850000)
  to   space 3264K, 0% used [0x00000001251f0000,0x00000001251f0000,0x0000000125520000)
 ParOldGen       total 52736K, used 0K [0x000000010f130000, 0x00000001124b0000, 0x0000000123e90000)
  object space 52736K, 0% used [0x000000010f130000,0x000000010f130000,0x00000001124b0000)
 PSPermGen       total 21248K, used 18548K [0x0000000109f30000, 0x000000010b3f0000, 0x000000010f130000)
  object space 21248K, 87% used [0x0000000109f30000,0x000000010b14d3b0,0x000000010b3f0000)
Event: 0.972 GC heap after
Heap after GC invocations=1 (full 0):
 PSYoungGen      total 23104K, used 3255K [0x0000000123e90000, 0x0000000126bb0000, 0x000000012e530000)
  eden space 19840K, 0% used [0x0000000123e90000,0x0000000123e90000,0x00000001251f0000)
  from space 3264K, 99% used [0x00000001251f0000,0x000000012551df08,0x0000000125520000)
  to   space 3264K, 0% used [0x0000000126880000,0x0000000126880000,0x0000000126bb0000)
 ParOldGen       total 52736K, used 2547K [0x000000010f130000, 0x00000001124b0000, 0x0000000123e90000)
  object space 52736K, 4% used [0x000000010f130000,0x000000010f3acf28,0x00000001124b0000)
 PSPermGen       total 21248K, used 18548K [0x0000000109f30000, 0x000000010b3f0000, 0x000000010f130000)
  object space 21248K, 87% used [0x0000000109f30000,0x000000010b14d3b0,0x000000010b3f0000)
}
Event: 2.097 GC heap before
{Heap before GC invocations=2 (full 0):
 PSYoungGen      total 23104K, used 23095K [0x0000000123e90000, 0x0000000126bb0000, 0x000000012e530000)
  eden space 19840K, 100% used [0x0000000123e90000,0x00000001251f0000,0x00000001251f0000)
  from space 3264K, 99% used [0x00000001251f0000,0x000000012551df08,0x0000000125520000)
  to   space 3264K, 0% used [0x0000000126880000,0x0000000126880000,0x0000000126bb0000)
 ParOldGen       total 52736K, used 2547K [0x000000010f130000, 0x00000001124b0000, 0x0000000123e90000)
  object space 52736K, 4% used [0x000000010f130000,0x000000010f3acf28,0x00000001124b0000)
 PSPermGen       total 24704K, used 24547K [0x0000000109f30000, 0x000000010b750000, 0x000000010f130000)
  object space 24704K, 99% used [0x0000000109f30000,0x000000010b728da0,0x000000010b750000)
Event: 2.112 GC heap after
Heap after GC invocations=2 (full 0):
 PSYoungGen      total 42944K, used 3258K [0x0000000123e90000, 0x0000000126bb0000, 0x000000012e530000)
  eden space 39680K, 0% used [0x0000000123e90000,0x0000000123e90000,0x0000000126550000)
  from space 3264K, 99% used [0x0000000126880000,0x0000000126bae9d8,0x0000000126bb0000)
  to   space 3264K, 0% used [0x0000000126550000,0x0000000126550000,0x0000000126880000)
 ParOldGen       total 52736K, used 6242K [0x000000010f130000, 0x00000001124b0000, 0x0000000123e90000)
  object space 52736K, 11% used [0x000000010f130000,0x000000010f748940,0x00000001124b0000)
 PSPermGen       total 24704K, used 24547K [0x0000000109f30000, 0x000000010b750000, 0x000000010f130000)
  object space 24704K, 99% used [0x0000000109f30000,0x000000010b728da0,0x000000010b750000)
}
Event: 8.271 GC heap before
{Heap before GC invocations=3 (full 0):
 PSYoungGen      total 42944K, used 42938K [0x0000000123e90000, 0x0000000126bb0000, 0x000000012e530000)
  eden space 39680K, 100% used [0x0000000123e90000,0x0000000126550000,0x0000000126550000)
  from space 3264K, 99% used [0x0000000126880000,0x0000000126bae9d8,0x0000000126bb0000)
  to   space 3264K, 0% used [0x0000000126550000,0x0000000126550000,0x0000000126880000)
 ParOldGen       total 52736K, used 6242K [0x000000010f130000, 0x00000001124b0000, 0x0000000123e90000)
  object space 52736K, 11% used [0x000000010f130000,0x000000010f748940,0x00000001124b0000)
 PSPermGen       total 26240K, used 26111K [0x0000000109f30000, 0x000000010b8d0000, 0x000000010f130000)
  object space 26240K, 99% used [0x0000000109f30000,0x000000010b8afcb0,0x000000010b8d0000)
Event: 8.297 GC heap after
Heap after GC invocations=3 (full 0):
 PSYoungGen      total 42944K, used 3258K [0x0000000123e90000, 0x0000000129270000, 0x000000012e530000)
  eden space 39680K, 0% used [0x0000000123e90000,0x0000000123e90000,0x0000000126550000)
  from space 3264K, 99% used [0x0000000126550000,0x000000012687e9f8,0x0000000126880000)
  to   space 3264K, 0% used [0x0000000128f40000,0x0000000128f40000,0x0000000129270000)
 ParOldGen       total 52736K, used 8951K [0x000000010f130000, 0x00000001124b0000, 0x0000000123e90000)
  object space 52736K, 16% used [0x000000010f130000,0x000000010f9edcd8,0x00000001124b0000)
 PSPermGen       total 26240K, used 26111K [0x0000000109f30000, 0x000000010b8d0000, 0x000000010f130000)
  object space 26240K, 99% used [0x0000000109f30000,0x000000010b8afcb0,0x000000010b8d0000)
}
Event: 34.105 GC heap before
{Heap before GC invocations=4 (full 0):
 PSYoungGen      total 42944K, used 42938K [0x0000000123e90000, 0x0000000129270000, 0x000000012e530000)
  eden space 39680K, 100% used [0x0000000123e90000,0x0000000126550000,0x0000000126550000)
  from space 3264K, 99% used [0x0000000126550000,0x000000012687e9f8,0x0000000126880000)
  to   space 3264K, 0% used [0x0000000128f40000,0x0000000128f40000,0x0000000129270000)
 ParOldGen       total 52736K, used 8951K [0x000000010f130000, 0x00000001124b0000, 0x0000000123e90000)
  object space 52736K, 16% used [0x000000010f130000,0x000000010f9edcd8,0x00000001124b0000)
 PSPermGen       total 26240K, used 26182K [0x0000000109f30000, 0x000000010b8d0000, 0x000000010f130000)
  object space 26240K, 99% used [0x0000000109f30000,0x000000010b8c1bd0,0x000000010b8d0000)
Event: 34.126 GC heap after
Heap after GC invocations=4 (full 0):
 PSYoungGen      total 42944K, used 3242K [0x0000000123e90000, 0x0000000129270000, 0x000000012e530000)
  eden space 39680K, 0% used [0x0000000123e90000,0x0000000123e90000,0x0000000126550000)
  from space 3264K, 99% used [0x0000000128f40000,0x000000012926a9e8,0x0000000129270000)
  to   space 3264K, 0% used [0x0000000126550000,0x0000000126550000,0x0000000126880000)
 ParOldGen       total 52736K, used 9759K [0x000000010f130000, 0x00000001124b0000, 0x0000000123e90000)
  object space 52736K, 18% used [0x000000010f130000,0x000000010fab7f88,0x00000001124b0000)
 PSPermGen       total 26240K, used 26182K [0x0000000109f30000, 0x000000010b8d0000, 0x000000010f130000)
  object space 26240K, 99% used [0x0000000109f30000,0x000000010b8c1bd0,0x000000010b8d0000)
}
Event: 59.091 GC heap before
{Heap before GC invocations=5 (full 0):
 PSYoungGen      total 42944K, used 42922K [0x0000000123e90000, 0x0000000129270000, 0x000000012e530000)
  eden space 39680K, 100% used [0x0000000123e90000,0x0000000126550000,0x0000000126550000)
  from space 3264K, 99% used [0x0000000128f40000,0x000000012926a9e8,0x0000000129270000)
  to   space 3264K, 0% used [0x0000000126550000,0x0000000126550000,0x0000000126880000)
 ParOldGen       total 52736K, used 9759K [0x000000010f130000, 0x00000001124b0000, 0x0000000123e90000)
  object space 52736K, 18% used [0x000000010f130000,0x000000010fab7f88,0x00000001124b0000)
 PSPermGen       total 26432K, used 26251K [0x0000000109f30000, 0x000000010b900000, 0x000000010f130000)
  object space 26432K, 99% used [0x0000000109f30000,0x000000010b8d2d98,0x000000010b900000)
Event: 59.114 GC heap after
Heap after GC invocations=5 (full 0):
 PSYoungGen      total 41664K, used 3242K [0x0000000123e90000, 0x0000000128f50000, 0x000000012e530000)
  eden space 38400K, 0% used [0x0000000123e90000,0x0000000123e90000,0x0000000126410000)
  from space 3264K, 99% used [0x0000000126550000,0x000000012687a9e8,0x0000000126880000)
  to   space 7616K, 0% used [0x00000001287e0000,0x00000001287e0000,0x0000000128f50000)
 ParOldGen       total 52736K, used 10917K [0x000000010f130000, 0x00000001124b0000, 0x0000000123e90000)
  object space 52736K, 20% used [0x000000010f130000,0x000000010fbd96d8,0x00000001124b0000)
 PSPermGen       total 26432K, used 26251K [0x0000000109f30000, 0x000000010b900000, 0x000000010f130000)
  object space 26432K, 99% used [0x0000000109f30000,0x000000010b8d2d98,0x000000010b900000)
}

Deoptimization events (10 events):
Event: 7.565 Thread 0x00007fa80d800800 Uncommon trap -58 fr.pc 0x0000000107026cb4
Event: 7.600 Thread 0x00007fa80d800800 Uncommon trap -58 fr.pc 0x0000000107042768
Event: 7.610 Thread 0x00007fa80d800800 Uncommon trap -34 fr.pc 0x0000000106f9c208
Event: 7.613 Thread 0x00007fa80d800800 Uncommon trap -34 fr.pc 0x0000000106f9c208
Event: 8.297 Thread 0x00007fa80db13000 Uncommon trap -12 fr.pc 0x0000000106f9ef74
Event: 8.590 Thread 0x00007fa80d800800 Uncommon trap -83 fr.pc 0x00000001070691f4
Event: 19.906 Thread 0x00007fa80d800800 Uncommon trap -34 fr.pc 0x0000000106fb9c58
Event: 19.906 Thread 0x00007fa80d800800 Uncommon trap -34 fr.pc 0x0000000106fb9c58
Event: 19.906 Thread 0x00007fa80d800800 Uncommon trap -34 fr.pc 0x0000000106fb9c58
Event: 19.906 Thread 0x00007fa80d800800 Uncommon trap -34 fr.pc 0x0000000106fb9c58

Internal exceptions (10 events):
Event: 43.880 Thread 0x00007fa80e0e5000 Threw 0x0000000125b1cdc0 at /HUDSON/workspace/jdk7u13-2-build-macosx-amd64-product/jdk7u13/hotspot/src/share/vm/prims/jvm.cpp:1166
Event: 43.880 Thread 0x00007fa80e0e5000 Threw 0x0000000125b1e0c8 at /HUDSON/workspace/jdk7u13-2-build-macosx-amd64-product/jdk7u13/hotspot/src/share/vm/prims/jvm.cpp:1166
Event: 43.886 Thread 0x00007fa80e0e5000 Threw 0x0000000125be8ae8 at /HUDSON/workspace/jdk7u13-2-build-macosx-amd64-product/jdk7u13/hotspot/src/share/vm/prims/jvm.cpp:1166
Event: 43.886 Thread 0x00007fa80e0e5000 Threw 0x0000000125bea008 at /HUDSON/workspace/jdk7u13-2-build-macosx-amd64-product/jdk7u13/hotspot/src/share/vm/prims/jvm.cpp:1166
Event: 43.886 Thread 0x00007fa80e03b000 Threw 0x0000000125bfe528 at /HUDSON/workspace/jdk7u13-2-build-macosx-amd64-product/jdk7u13/hotspot/src/share/vm/prims/jvm.cpp:1166
Event: 43.886 Thread 0x00007fa80e03b000 Threw 0x0000000125bff830 at /HUDSON/workspace/jdk7u13-2-build-macosx-amd64-product/jdk7u13/hotspot/src/share/vm/prims/jvm.cpp:1166
Event: 43.889 Thread 0x00007fa80e0e5000 Threw 0x0000000125c2c648 at /HUDSON/workspace/jdk7u13-2-build-macosx-amd64-product/jdk7u13/hotspot/src/share/vm/prims/jvm.cpp:1166
Event: 43.889 Thread 0x00007fa80e0e5000 Threw 0x0000000125c2da78 at /HUDSON/workspace/jdk7u13-2-build-macosx-amd64-product/jdk7u13/hotspot/src/share/vm/prims/jvm.cpp:1166
Event: 59.120 Thread 0x00007fa80e03b000 Threw 0x000000012400bdc0 at /HUDSON/workspace/jdk7u13-2-build-macosx-amd64-product/jdk7u13/hotspot/src/share/vm/prims/jvm.cpp:1166
Event: 59.120 Thread 0x00007fa80e03b000 Threw 0x000000012400d130 at /HUDSON/workspace/jdk7u13-2-build-macosx-amd64-product/jdk7u13/hotspot/src/share/vm/prims/jvm.cpp:1166

Events (10 events):
Event: 43.886 loading class 0x00007fa80bc88970 done
Event: 43.886 loading class 0x00007fa80ca76910
Event: 43.886 loading class 0x00007fa80ca76910 done
Event: 43.889 loading class 0x00007fa80cc354f0
Event: 43.889 loading class 0x00007fa80cc354f0 done
Event: 59.083 Thread 0x00007fa80d076800 flushing nmethod 0x0000000106f52b10
Event: 59.090 Executing VM operation: ParallelGCFailedAllocation
Event: 59.114 Executing VM operation: ParallelGCFailedAllocation done
Event: 59.120 loading class 0x00007fa80cc3d920
Event: 59.120 loading class 0x00007fa80cc3d920 done


Dynamic libraries:
0x0000000001916000 	/System/Library/Frameworks/Cocoa.framework/Versions/A/Cocoa
0x0000000001916000 	/System/Library/Frameworks/Security.framework/Versions/A/Security
0x0000000001916000 	/System/Library/Frameworks/ApplicationServices.framework/Versions/A/ApplicationServices
0x0000000001916000 	/usr/lib/libz.1.dylib
0x0000000001916000 	/usr/lib/libSystem.B.dylib
0x0000000001916000 	/usr/lib/libobjc.A.dylib
0x0000000001916000 	/System/Library/Frameworks/CoreFoundation.framework/Versions/A/CoreFoundation
0x0000000001916000 	/System/Library/Frameworks/AppKit.framework/Versions/C/AppKit
0x0000000001916000 	/System/Library/Frameworks/CoreData.framework/Versions/A/CoreData
0x0000000001916000 	/System/Library/Frameworks/Foundation.framework/Versions/C/Foundation
0x0000000001916000 	/System/Library/PrivateFrameworks/RemoteViewServices.framework/Versions/A/RemoteViewServices
0x0000000001916000 	/System/Library/Frameworks/AudioToolbox.framework/Versions/A/AudioToolbox
0x0000000001916000 	/System/Library/Frameworks/AudioUnit.framework/Versions/A/AudioUnit
0x0000000001916000 	/System/Library/PrivateFrameworks/DataDetectorsCore.framework/Versions/A/DataDetectorsCore
0x0000000001916000 	/System/Library/PrivateFrameworks/DesktopServicesPriv.framework/Versions/A/DesktopServicesPriv
0x0000000001916000 	/System/Library/Frameworks/Carbon.framework/Versions/A/Frameworks/HIToolbox.framework/Versions/A/HIToolbox
0x0000000001916000 	/System/Library/Frameworks/QuartzCore.framework/Versions/A/QuartzCore
0x0000000001916000 	/System/Library/Frameworks/Carbon.framework/Versions/A/Frameworks/SpeechRecognition.framework/Versions/A/SpeechRecognition
0x0000000001916000 	/usr/lib/libauto.dylib
0x0000000001916000 	/usr/lib/libicucore.A.dylib
0x0000000001916000 	/usr/lib/libxml2.2.dylib
0x0000000001916000 	/System/Library/PrivateFrameworks/CoreUI.framework/Versions/A/CoreUI
0x0000000001916000 	/System/Library/Frameworks/CoreAudio.framework/Versions/A/CoreAudio
0x0000000001916000 	/System/Library/Frameworks/DiskArbitration.framework/Versions/A/DiskArbitration
0x0000000001916000 	/usr/lib/liblangid.dylib
0x0000000001916000 	/System/Library/PrivateFrameworks/MultitouchSupport.framework/Versions/A/MultitouchSupport
0x0000000001916000 	/System/Library/Frameworks/IOKit.framework/Versions/A/IOKit
0x0000000001916000 	/usr/lib/libDiagnosticMessagesClient.dylib
0x0000000001916000 	/System/Library/Frameworks/CoreServices.framework/Versions/A/CoreServices
0x0000000001916000 	/System/Library/PrivateFrameworks/PerformanceAnalysis.framework/Versions/A/PerformanceAnalysis
0x0000000001916000 	/System/Library/PrivateFrameworks/GenerationalStorage.framework/Versions/A/GenerationalStorage
0x0000000001916000 	/System/Library/Frameworks/OpenGL.framework/Versions/A/OpenGL
0x0000000001916000 	/System/Library/Frameworks/CoreText.framework/Versions/A/CoreText
0x0000000001916000 	/System/Library/Frameworks/ImageIO.framework/Versions/A/ImageIO
0x0000000001916000 	/System/Library/PrivateFrameworks/Backup.framework/Versions/A/Backup
0x0000000001916000 	/System/Library/Frameworks/CFNetwork.framework/Versions/A/CFNetwork
0x0000000001916000 	/System/Library/Frameworks/SystemConfiguration.framework/Versions/A/SystemConfiguration
0x0000000001916000 	/usr/lib/libCRFSuite.dylib
0x0000000001916000 	/System/Library/PrivateFrameworks/TCC.framework/Versions/A/TCC
0x0000000001916000 	/usr/lib/libc++.1.dylib
0x0000000001916000 	/usr/lib/libc++abi.dylib
0x0000000001916000 	/usr/lib/system/libcache.dylib
0x0000000001916000 	/usr/lib/system/libcommonCrypto.dylib
0x0000000001916000 	/usr/lib/system/libcompiler_rt.dylib
0x0000000001916000 	/usr/lib/system/libcopyfile.dylib
0x0000000001916000 	/usr/lib/system/libdispatch.dylib
0x0000000001916000 	/usr/lib/system/libdnsinfo.dylib
0x0000000001916000 	/usr/lib/system/libdyld.dylib
0x0000000001916000 	/usr/lib/system/libkeymgr.dylib
0x0000000001916000 	/usr/lib/system/liblaunch.dylib
0x0000000001916000 	/usr/lib/system/libmacho.dylib
0x0000000001916000 	/usr/lib/system/libquarantine.dylib
0x0000000001916000 	/usr/lib/system/libremovefile.dylib
0x0000000001916000 	/usr/lib/system/libsystem_blocks.dylib
0x0000000001916000 	/usr/lib/system/libsystem_c.dylib
0x0000000001916000 	/usr/lib/system/libsystem_dnssd.dylib
0x0000000001916000 	/usr/lib/system/libsystem_info.dylib
0x0000000001916000 	/usr/lib/system/libsystem_kernel.dylib
0x0000000001916000 	/usr/lib/system/libsystem_m.dylib
0x0000000001916000 	/usr/lib/system/libsystem_network.dylib
0x0000000001916000 	/usr/lib/system/libsystem_notify.dylib
0x0000000001916000 	/usr/lib/system/libsystem_sandbox.dylib
0x0000000001916000 	/usr/lib/system/libunc.dylib
0x0000000001916000 	/usr/lib/system/libunwind.dylib
0x0000000001916000 	/usr/lib/system/libxpc.dylib
0x0000000001916000 	/usr/lib/system/libcorecrypto.dylib
0x0000000001916000 	/usr/lib/libstdc++.6.dylib
0x0000000001916000 	/usr/lib/libbsm.0.dylib
0x0000000001916000 	/usr/lib/libsqlite3.dylib
0x0000000001916000 	/usr/lib/libxar.1.dylib
0x0000000001916000 	/usr/lib/libpam.2.dylib
0x0000000001916000 	/usr/lib/libOpenScriptingUtil.dylib
0x0000000001916000 	/usr/lib/libbz2.1.0.dylib
0x0000000001916000 	/System/Library/Frameworks/CoreServices.framework/Versions/A/Frameworks/CarbonCore.framework/Versions/A/CarbonCore
0x0000000001916000 	/System/Library/Frameworks/CoreServices.framework/Versions/A/Frameworks/Metadata.framework/Versions/A/Metadata
0x0000000001916000 	/System/Library/Frameworks/CoreServices.framework/Versions/A/Frameworks/OSServices.framework/Versions/A/OSServices
0x0000000001916000 	/System/Library/Frameworks/CoreServices.framework/Versions/A/Frameworks/SearchKit.framework/Versions/A/SearchKit
0x0000000001916000 	/System/Library/Frameworks/CoreServices.framework/Versions/A/Frameworks/AE.framework/Versions/A/AE
0x0000000001916000 	/System/Library/Frameworks/CoreServices.framework/Versions/A/Frameworks/LaunchServices.framework/Versions/A/LaunchServices
0x0000000001916000 	/System/Library/Frameworks/CoreServices.framework/Versions/A/Frameworks/DictionaryServices.framework/Versions/A/DictionaryServices
0x0000000001916000 	/System/Library/Frameworks/NetFS.framework/Versions/A/NetFS
0x0000000001916000 	/usr/lib/system/libkxld.dylib
0x0000000001916000 	/System/Library/PrivateFrameworks/NetAuth.framework/Versions/A/NetAuth
0x0000000001916000 	/System/Library/Frameworks/OpenDirectory.framework/Versions/A/Frameworks/CFOpenDirectory.framework/Versions/A/CFOpenDirectory
0x0000000001916000 	/usr/lib/libxslt.1.dylib
0x0000000001916000 	/System/Library/PrivateFrameworks/FamilyControls.framework/Versions/A/FamilyControls
0x0000000001916000 	/System/Library/Frameworks/Carbon.framework/Versions/A/Frameworks/Ink.framework/Versions/A/Ink
0x0000000001916000 	/System/Library/Frameworks/ApplicationServices.framework/Versions/A/Frameworks/CoreGraphics.framework/Versions/A/CoreGraphics
0x0000000001916000 	/System/Library/Frameworks/ApplicationServices.framework/Versions/A/Frameworks/ATS.framework/Versions/A/ATS
0x0000000001916000 	/System/Library/Frameworks/ApplicationServices.framework/Versions/A/Frameworks/ColorSync.framework/Versions/A/ColorSync
0x0000000001916000 	/System/Library/Frameworks/ApplicationServices.framework/Versions/A/Frameworks/HIServices.framework/Versions/A/HIServices
0x0000000001916000 	/System/Library/Frameworks/ApplicationServices.framework/Versions/A/Frameworks/LangAnalysis.framework/Versions/A/LangAnalysis
0x0000000001916000 	/System/Library/Frameworks/ApplicationServices.framework/Versions/A/Frameworks/PrintCore.framework/Versions/A/PrintCore
0x0000000001916000 	/System/Library/Frameworks/ApplicationServices.framework/Versions/A/Frameworks/QD.framework/Versions/A/QD
0x0000000001916000 	/System/Library/Frameworks/ApplicationServices.framework/Versions/A/Frameworks/SpeechSynthesis.framework/Versions/A/SpeechSynthesis
0x0000000001916000 	/System/Library/Frameworks/IOSurface.framework/Versions/A/IOSurface
0x0000000001916000 	/System/Library/Frameworks/Accelerate.framework/Versions/A/Accelerate
0x0000000001916000 	/System/Library/Frameworks/ApplicationServices.framework/Versions/A/Frameworks/ATS.framework/Versions/A/Resources/libFontParser.dylib
0x0000000001916000 	/System/Library/Frameworks/ApplicationServices.framework/Versions/A/Frameworks/ATS.framework/Versions/A/Resources/libFontRegistry.dylib
0x0000000001916000 	/System/Library/Frameworks/Accelerate.framework/Versions/A/Frameworks/vImage.framework/Versions/A/vImage
0x0000000001916000 	/System/Library/Frameworks/Accelerate.framework/Versions/A/Frameworks/vecLib.framework/Versions/A/vecLib
0x0000000001916000 	/System/Library/Frameworks/Accelerate.framework/Versions/A/Frameworks/vecLib.framework/Versions/A/libvDSP.dylib
0x0000000001916000 	/System/Library/Frameworks/Accelerate.framework/Versions/A/Frameworks/vecLib.framework/Versions/A/libvMisc.dylib
0x0000000001916000 	/System/Library/Frameworks/Accelerate.framework/Versions/A/Frameworks/vecLib.framework/Versions/A/libLAPACK.dylib
0x0000000001916000 	/System/Library/Frameworks/Accelerate.framework/Versions/A/Frameworks/vecLib.framework/Versions/A/libBLAS.dylib
0x0000000001916000 	/System/Library/Frameworks/ImageIO.framework/Versions/A/Resources/libJPEG.dylib
0x0000000001916000 	/System/Library/Frameworks/ImageIO.framework/Versions/A/Resources/libTIFF.dylib
0x0000000001916000 	/System/Library/Frameworks/ImageIO.framework/Versions/A/Resources/libPng.dylib
0x0000000001916000 	/System/Library/Frameworks/ImageIO.framework/Versions/A/Resources/libGIF.dylib
0x0000000001916000 	/System/Library/Frameworks/ImageIO.framework/Versions/A/Resources/libJP2.dylib
0x0000000001916000 	/System/Library/Frameworks/ImageIO.framework/Versions/A/Resources/libRadiance.dylib
0x0000000001916000 	/usr/lib/libcups.2.dylib
0x0000000001916000 	/System/Library/Frameworks/Kerberos.framework/Versions/A/Kerberos
0x0000000001916000 	/System/Library/Frameworks/GSS.framework/Versions/A/GSS
0x0000000001916000 	/usr/lib/libresolv.9.dylib
0x0000000001916000 	/usr/lib/libiconv.2.dylib
0x0000000001916000 	/System/Library/PrivateFrameworks/Heimdal.framework/Versions/A/Heimdal
0x0000000001916000 	/System/Library/PrivateFrameworks/TrustEvaluationAgent.framework/Versions/A/TrustEvaluationAgent
0x0000000001916000 	/System/Library/Frameworks/OpenDirectory.framework/Versions/A/OpenDirectory
0x0000000001916000 	/System/Library/PrivateFrameworks/CommonAuth.framework/Versions/A/CommonAuth
0x0000000001916000 	/System/Library/PrivateFrameworks/Bom.framework/Versions/A/Bom
0x0000000001916000 	/System/Library/Frameworks/CoreVideo.framework/Versions/A/CoreVideo
0x0000000001916000 	/System/Library/Frameworks/QuartzCore.framework/Versions/A/Frameworks/CoreImage.framework/Versions/A/CoreImage
0x0000000001916000 	/System/Library/Frameworks/QuartzCore.framework/Versions/A/Frameworks/ScalableUserInterface.framework/Versions/A/ScalableUserInterface
0x0000000001916000 	/System/Library/Frameworks/OpenGL.framework/Versions/A/Libraries/libGLU.dylib
0x0000000001916000 	/System/Library/Frameworks/OpenGL.framework/Versions/A/Libraries/libGFXShared.dylib
0x0000000001916000 	/System/Library/Frameworks/OpenGL.framework/Versions/A/Libraries/libGL.dylib
0x0000000001916000 	/System/Library/Frameworks/OpenGL.framework/Versions/A/Libraries/libGLImage.dylib
0x0000000001916000 	/System/Library/Frameworks/OpenGL.framework/Versions/A/Libraries/libCVMSPluginSupport.dylib
0x0000000001916000 	/System/Library/Frameworks/OpenGL.framework/Versions/A/Libraries/libCoreVMClient.dylib
0x0000000001916000 	/System/Library/PrivateFrameworks/CrashReporterSupport.framework/Versions/A/CrashReporterSupport
0x0000000001916000 	/System/Library/Frameworks/OpenCL.framework/Versions/A/OpenCL
0x0000000001916000 	/System/Library/PrivateFrameworks/FaceCoreLight.framework/Versions/A/FaceCoreLight
0x0000000001916000 	/System/Library/PrivateFrameworks/AppleFSCompression.framework/Versions/A/AppleFSCompression
0x0000000001916000 	/System/Library/PrivateFrameworks/Ubiquity.framework/Versions/A/Ubiquity
0x0000000001916000 	/System/Library/Frameworks/ServiceManagement.framework/Versions/A/ServiceManagement
0x0000000001916000 	/System/Library/PrivateFrameworks/ChunkingLibrary.framework/Versions/A/ChunkingLibrary
0x0000000001916000 	/System/Library/Frameworks/vecLib.framework/Versions/A/vecLib
0x0000000001916000 	/System/Library/Frameworks/SecurityFoundation.framework/Versions/A/SecurityFoundation
0x0000000001916000 	/System/Library/PrivateFrameworks/CommerceKit.framework/Versions/A/Frameworks/CommerceCore.framework/Versions/A/CommerceCore
0x0000000001916000 	/System/Library/PrivateFrameworks/CoreSymbolication.framework/Versions/A/CoreSymbolication
0x0000000001916000 	/System/Library/PrivateFrameworks/Symbolication.framework/Versions/A/Symbolication
0x0000000001916000 	/System/Library/PrivateFrameworks/DebugSymbols.framework/Versions/A/DebugSymbols
0x00000001060e2000 	/Library/Java/JavaVirtualMachines/jdk1.7.0_13.jdk/Contents/Home/jre/lib/server/libjvm.dylib
0x0000000106d8c000 	/Library/Java/JavaVirtualMachines/jdk1.7.0_13.jdk/Contents/Home/jre/lib/libverify.dylib
0x0000000106d99000 	/Library/Java/JavaVirtualMachines/jdk1.7.0_13.jdk/Contents/Home/jre/lib/libjava.dylib
0x0000000106e56000 	/Library/Java/JavaVirtualMachines/jdk1.7.0_13.jdk/Contents/Home/jre/lib/libzip.dylib
0x0000000131a36000 	/System/Library/Frameworks/JavaVM.framework/Frameworks/JavaRuntimeSupport.framework/JavaRuntimeSupport
0x0000000131a4e000 	/System/Library/Frameworks/JavaVM.framework/Versions/A/Frameworks/JavaNativeFoundation.framework/Versions/A/JavaNativeFoundation
0x0000000131a63000 	/System/Library/Frameworks/JavaVM.framework/Versions/A/JavaVM
0x0000000001916000 	/System/Library/Frameworks/Carbon.framework/Versions/A/Carbon
0x0000000131a70000 	/System/Library/PrivateFrameworks/JavaLaunching.framework/Versions/A/JavaLaunching
0x0000000001916000 	/System/Library/Frameworks/Carbon.framework/Versions/A/Frameworks/CommonPanels.framework/Versions/A/CommonPanels
0x0000000001916000 	/System/Library/Frameworks/Carbon.framework/Versions/A/Frameworks/Help.framework/Versions/A/Help
0x0000000001916000 	/System/Library/Frameworks/Carbon.framework/Versions/A/Frameworks/ImageCapture.framework/Versions/A/ImageCapture
0x0000000001916000 	/System/Library/Frameworks/Carbon.framework/Versions/A/Frameworks/OpenScripting.framework/Versions/A/OpenScripting
0x0000000001916000 	/System/Library/Frameworks/Carbon.framework/Versions/A/Frameworks/Print.framework/Versions/A/Print
0x0000000001916000 	/System/Library/Frameworks/Carbon.framework/Versions/A/Frameworks/SecurityHI.framework/Versions/A/SecurityHI
0x00000001322b8000 	/Library/Java/JavaVirtualMachines/jdk1.7.0_13.jdk/Contents/Home/jre/lib/libnet.dylib
0x00000001322cd000 	/Library/Java/JavaVirtualMachines/jdk1.7.0_13.jdk/Contents/Home/jre/lib/libnio.dylib
0x0000000132736000 	/Users/scooter/.rbenv/versions/jruby-1.7.3/lib/native/Darwin/libjffi-1.2.jnilib
0x00000001333ea000 	/usr/local/lib/libgdal.dylib
0x0000000132906000 	/usr/local/opt/sqlite/lib/libsqlite3.0.8.6.dylib
0x0000000132353000 	/usr/local/lib/libproj.0.dylib
0x0000000132304000 	/usr/local/lib/libfreexl.1.dylib
0x00000001323bb000 	/usr/local/lib/libgeos_c.1.dylib
0x0000000001916000 	/usr/lib/libexpat.1.dylib
0x000000013242e000 	/usr/local/lib/libgif.4.1.6.dylib
0x00000001325cb000 	/usr/local/lib/libjpeg.8.dylib
0x0000000132437000 	/usr/local/lib/libgeotiff.2.dylib
0x00000001327ea000 	/usr/local/lib/libtiff.5.dylib
0x00000001326f4000 	/usr/local/lib/libpng15.15.dylib
0x0000000133be6000 	/usr/local/lib/libspatialite.2.dylib
0x0000000001916000 	/usr/lib/libcurl.4.dylib
0x0000000132cdc000 	/usr/local/Cellar/geos/3.3.8/lib/libgeos-3.3.8.dylib
0x0000000001916000 	/usr/lib/libssl.0.9.8.dylib
0x0000000001916000 	/usr/lib/libcrypto.0.9.8.dylib
0x0000000001916000 	/System/Library/Frameworks/LDAP.framework/Versions/A/LDAP
0x0000000001916000 	/usr/lib/libsasl2.2.dylib

VM Arguments:
jvm_args: -Djdk.home= -Djruby.home=/Users/scooter/.rbenv/versions/jruby-1.7.3 -Djruby.script=jruby -Djruby.shell=/bin/sh -Djffi.boot.library.path=/Users/scooter/.rbenv/versions/jruby-1.7.3/lib/native/Darwin -Xmx500m -Xss2048k -Djruby.memory.max=500m -Djruby.stack.max=2048k -Xbootclasspath/a:/Users/scooter/.rbenv/versions/jruby-1.7.3/lib/jruby.jar -Dfile.encoding=UTF-8 
java_command: org/jruby/Main bin/ogr_console
Launcher Type: SUN_STANDARD

Environment Variables:
PATH=/Users/scooter/.rbenv/versions/jruby-1.7.3/bin:/usr/local/Cellar/rbenv/0.4.0/libexec:/Users/scooter/.rbenv/shims:/usr/local/share/python:/usr/local/bin:/usr/bin:/bin:/usr/local/sbin:/usr/sbin:/sbin:/opt/X11/bin
SHELL=/bin/bash
DISPLAY=/tmp/launch-JKV764/org.macosforge.xquartz:0

Signal Handlers:
SIGSEGV: [libjvm.dylib+0x4a361d], sa_mask[0]=0xfffefeff, sa_flags=0x00000042
SIGBUS: [libjvm.dylib+0x4a361d], sa_mask[0]=0xfffefeff, sa_flags=0x00000042
SIGFPE: [libjvm.dylib+0x3b302d], sa_mask[0]=0xfffefeff, sa_flags=0x00000042
SIGPIPE: [libjvm.dylib+0x3b302d], sa_mask[0]=0xfffefeff, sa_flags=0x00000042
SIGXFSZ: [libjvm.dylib+0x3b302d], sa_mask[0]=0xfffefeff, sa_flags=0x00000042
SIGILL: [libjvm.dylib+0x3b302d], sa_mask[0]=0xfffefeff, sa_flags=0x00000042
SIGUSR1: SIG_DFL, sa_mask[0]=0x63807efb, sa_flags=0x00000000
SIGUSR2: [libjvm.dylib+0x3b2bc6], sa_mask[0]=0x00000000, sa_flags=0x00000042
SIGHUP: [libjvm.dylib+0x3b0e27], sa_mask[0]=0xfffefeff, sa_flags=0x00000042
SIGINT: [libjvm.dylib+0x3b0e27], sa_mask[0]=0xfffefeff, sa_flags=0x00000042
SIGTERM: [libjvm.dylib+0x3b0e27], sa_mask[0]=0xfffefeff, sa_flags=0x00000042
SIGQUIT: [libjvm.dylib+0x3b0e27], sa_mask[0]=0xfffefeff, sa_flags=0x00000042


---------------  S Y S T E M  ---------------

OS:Bsduname:Darwin 12.3.0 Darwin Kernel Version 12.3.0: Sun Jan  6 22:37:10 PST 2013; root:xnu-2050.22.13~1/RELEASE_X86_64 x86_64
rlimit: STACK 8192k, CORE 0k, NPROC 709, NOFILE 10240, AS infinity
load average:0.55 0.44 0.42

CPU:total 4 (2 cores per cpu, 2 threads per core) family 6 model 58 stepping 9, cmov, cx8, fxsr, mmx, sse, sse2, sse3, ssse3, sse4.1, sse4.2, popcnt, avx, ht, tsc, tscinvbit, tscinv

Memory: 4k page, physical 5058584k(1264646k free)

/proc/meminfo:


vm_info: Java HotSpot(TM) 64-Bit Server VM (23.7-b01) for bsd-amd64 JRE (1.7.0_13-b20), built on Jan 30 2013 01:14:41 by "java_re" with gcc 4.2.1 (Based on Apple Inc. build 5658) (LLVM build 2336.9.00)

time: Sat Mar 23 22:54:05 2013
elapsed time: 59 seconds

